# JRE version: Java(TM) SE Runtime Environment (8.0_144-b01) (build 1.8.0_144-b01)
# Java VM: Java HotSpot(TM) 64-Bit Server VM (25.144-b01 mixed mode windows-amd64 compressed oops)
Heap:
 PSYoungGen      total 177152K, used 4436K [0x00000000d5d00000, 0x00000000e1780000, 0x0000000100000000)
  eden space 164864K, 2% used [0x00000000d5d00000,0x00000000d6155190,0x00000000dfe00000)
  from space 12288K, 0% used [0x00000000e0a80000,0x00000000e0a80000,0x00000000e1680000)
  to   space 12800K, 0% used [0x00000000dfe00000,0x00000000dfe00000,0x00000000e0a80000)
 ParOldGen       total 51200K, used 19851K [0x0000000081600000, 0x0000000084800000, 0x00000000d5d00000)
  object space 51200K, 38% used [0x0000000081600000,0x0000000082962e38,0x0000000084800000)
 Metaspace       used 42175K, capacity 43924K, committed 44544K, reserved 1091584K
  class space    used 5759K, capacity 6067K, committed 6144K, reserved 1048576K
GC Heap History (10 events):
Event: 29.573 GC heap before
{Heap before GC invocations=30 (full 10):
 PSYoungGen      total 177152K, used 160K [0x00000000d5d00000, 0x00000000e1780000, 0x0000000100000000)
  eden space 164864K, 0% used [0x00000000d5d00000,0x00000000d5d00000,0x00000000dfe00000)
  from space 12288K, 1% used [0x00000000e0a80000,0x00000000e0aa8000,0x00000000e1680000)
  to   space 12800K, 0% used [0x00000000dfe00000,0x00000000dfe00000,0x00000000e0a80000)
 ParOldGen       total 51200K, used 20061K [0x0000000081600000, 0x0000000084800000, 0x00000000d5d00000)
  object space 51200K, 39% used [0x0000000081600000,0x0000000082997580,0x0000000084800000)
 Metaspace       used 42115K, capacity 43776K, committed 44288K, reserved 1097728K
  class space    used 5749K, capacity 6053K, committed 6144K, reserved 1048576K
Event: 29.628 GC heap after
Heap after GC invocations=30 (full 10):
 PSYoungGen      total 177152K, used 0K [0x00000000d5d00000, 0x00000000e1780000, 0x0000000100000000)
  eden space 164864K, 0% used [0x00000000d5d00000,0x00000000d5d00000,0x00000000dfe00000)
  from space 12288K, 0% used [0x00000000e0a80000,0x00000000e0a80000,0x00000000e1680000)
  to   space 12800K, 0% used [0x00000000dfe00000,0x00000000dfe00000,0x00000000e0a80000)
 ParOldGen       total 51200K, used 19944K [0x0000000081600000, 0x0000000084800000, 0x00000000d5d00000)
  object space 51200K, 38% used [0x0000000081600000,0x000000008297a168,0x0000000084800000)
 Metaspace       used 42115K, capacity 43776K, committed 44288K, reserved 1091584K
  class space    used 5749K, capacity 6053K, committed 6144K, reserved 1048576K
}
Event: 29.628 GC heap before
{Heap before GC invocations=31 (full 10):
 PSYoungGen      total 177152K, used 0K [0x00000000d5d00000, 0x00000000e1780000, 0x0000000100000000)
  eden space 164864K, 0% used [0x00000000d5d00000,0x00000000d5d00000,0x00000000dfe00000)
  from space 12288K, 0% used [0x00000000e0a80000,0x00000000e0a80000,0x00000000e1680000)
  to   space 12800K, 0% used [0x00000000dfe00000,0x00000000dfe00000,0x00000000e0a80000)
 ParOldGen       total 51200K, used 19944K [0x0000000081600000, 0x0000000084800000, 0x00000000d5d00000)
  object space 51200K, 38% used [0x0000000081600000,0x000000008297a168,0x0000000084800000)
 Metaspace       used 42115K, capacity 43776K, committed 44288K, reserved 1095680K
  class space    used 5749K, capacity 6053K, committed 6144K, reserved 1048576K
Event: 29.630 GC heap after
Heap after GC invocations=31 (full 10):
 PSYoungGen      total 177664K, used 0K [0x00000000d5d00000, 0x00000000e1780000, 0x0000000100000000)
  eden space 164864K, 0% used [0x00000000d5d00000,0x00000000d5d00000,0x00000000dfe00000)
  from space 12800K, 0% used [0x00000000dfe00000,0x00000000dfe00000,0x00000000e0a80000)
  to   space 12288K, 0% used [0x00000000e0a80000,0x00000000e0a80000,0x00000000e1680000)
 ParOldGen       total 51200K, used 19944K [0x0000000081600000, 0x0000000084800000, 0x00000000d5d00000)
  object space 51200K, 38% used [0x0000000081600000,0x000000008297a168,0x0000000084800000)
 Metaspace       used 42115K, capacity 43776K, committed 44288K, reserved 1095680K
  class space    used 5749K, capacity 6053K, committed 6144K, reserved 1048576K
}
Event: 29.630 GC heap before
{Heap before GC invocations=32 (full 11):
 PSYoungGen      total 177664K, used 0K [0x00000000d5d00000, 0x00000000e1780000, 0x0000000100000000)
  eden space 164864K, 0% used [0x00000000d5d00000,0x00000000d5d00000,0x00000000dfe00000)
  from space 12800K, 0% used [0x00000000dfe00000,0x00000000dfe00000,0x00000000e0a80000)
  to   space 12288K, 0% used [0x00000000e0a80000,0x00000000e0a80000,0x00000000e1680000)
 ParOldGen       total 51200K, used 19944K [0x0000000081600000, 0x0000000084800000, 0x00000000d5d00000)
  object space 51200K, 38% used [0x0000000081600000,0x000000008297a168,0x0000000084800000)
 Metaspace       used 42115K, capacity 43776K, committed 44288K, reserved 1095680K
  class space    used 5749K, capacity 6053K, committed 6144K, reserved 1048576K
Event: 29.739 GC heap after
Heap after GC invocations=32 (full 11):
 PSYoungGen      total 177664K, used 0K [0x00000000d5d00000, 0x00000000e1780000, 0x0000000100000000)
  eden space 164864K, 0% used [0x00000000d5d00000,0x00000000d5d00000,0x00000000dfe00000)
  from space 12800K, 0% used [0x00000000dfe00000,0x00000000dfe00000,0x00000000e0a80000)
  to   space 12288K, 0% used [0x00000000e0a80000,0x00000000e0a80000,0x00000000e1680000)
 ParOldGen       total 51200K, used 19928K [0x0000000081600000, 0x0000000084800000, 0x00000000d5d00000)
  object space 51200K, 38% used [0x0000000081600000,0x00000000829763b8,0x0000000084800000)
 Metaspace       used 42115K, capacity 43776K, committed 44288K, reserved 1091584K
  class space    used 5749K, capacity 6053K, committed 6144K, reserved 1048576K
}
Event: 29.739 GC heap before
{Heap before GC invocations=33 (full 11):
 PSYoungGen      total 177664K, used 847K [0x00000000d5d00000, 0x00000000e1780000, 0x0000000100000000)
  eden space 164864K, 0% used [0x00000000d5d00000,0x00000000d5dd3f08,0x00000000dfe00000)
  from space 12800K, 0% used [0x00000000dfe00000,0x00000000dfe00000,0x00000000e0a80000)
  to   space 12288K, 0% used [0x00000000e0a80000,0x00000000e0a80000,0x00000000e1680000)
 ParOldGen       total 51200K, used 19928K [0x0000000081600000, 0x0000000084800000, 0x00000000d5d00000)
  object space 51200K, 38% used [0x0000000081600000,0x00000000829763b8,0x0000000084800000)
 Metaspace       used 42116K, capacity 43776K, committed 44288K, reserved 1097728K
  class space    used 5749K, capacity 6053K, committed 6144K, reserved 1048576K
Event: 29.741 GC heap after
Heap after GC invocations=33 (full 11):
 PSYoungGen      total 177152K, used 96K [0x00000000d5d00000, 0x00000000e1780000, 0x0000000100000000)
  eden space 164864K, 0% used [0x00000000d5d00000,0x00000000d5d00000,0x00000000dfe00000)
  from space 12288K, 0% used [0x00000000e0a80000,0x00000000e0a98000,0x00000000e1680000)
  to   space 12800K, 0% used [0x00000000dfe00000,0x00000000dfe00000,0x00000000e0a80000)
 ParOldGen       total 51200K, used 19928K [0x0000000081600000, 0x0000000084800000, 0x00000000d5d00000)
  object space 51200K, 38% used [0x0000000081600000,0x00000000829763b8,0x0000000084800000)
 Metaspace       used 42116K, capacity 43776K, committed 44288K, reserved 1097728K
  class space    used 5749K, capacity 6053K, committed 6144K, reserved 1048576K
}
Event: 29.741 GC heap before
{Heap before GC invocations=34 (full 12):
 PSYoungGen      total 177152K, used 96K [0x00000000d5d00000, 0x00000000e1780000, 0x0000000100000000)
  eden space 164864K, 0% used [0x00000000d5d00000,0x00000000d5d00000,0x00000000dfe00000)
  from space 12288K, 0% used [0x00000000e0a80000,0x00000000e0a98000,0x00000000e1680000)
  to   space 12800K, 0% used [0x00000000dfe00000,0x00000000dfe00000,0x00000000e0a80000)
 ParOldGen       total 51200K, used 19928K [0x0000000081600000, 0x0000000084800000, 0x00000000d5d00000)
  object space 51200K, 38% used [0x0000000081600000,0x00000000829763b8,0x0000000084800000)
 Metaspace       used 42116K, capacity 43776K, committed 44288K, reserved 1097728K
  class space    used 5749K, capacity 6053K, committed 6144K, reserved 1048576K
Event: 29.824 GC heap after
Heap after GC invocations=34 (full 12):
 PSYoungGen      total 177152K, used 0K [0x00000000d5d00000, 0x00000000e1780000, 0x0000000100000000)
  eden space 164864K, 0% used [0x00000000d5d00000,0x00000000d5d00000,0x00000000dfe00000)
  from space 12288K, 0% used [0x00000000e0a80000,0x00000000e0a80000,0x00000000e1680000)
  to   space 12800K, 0% used [0x00000000dfe00000,0x00000000dfe00000,0x00000000e0a80000)
 ParOldGen       total 51200K, used 19851K [0x0000000081600000, 0x0000000084800000, 0x00000000d5d00000)
  object space 51200K, 38% used [0x0000000081600000,0x0000000082962e38,0x0000000084800000)
 Metaspace       used 42116K, capacity 43776K, committed 44288K, reserved 1091584K
  class space    used 5749K, capacity 6053K, committed 6144K, reserved 1048576K
}

